2026-07-17 10:58:04 | INFO     | CronosScraper | Iniciando Playwright y lanzando navegador (chromium)...
2026-07-17 10:58:05 | INFO     | CronosScraper | Navegador iniciado correctamente.
2026-07-17 10:58:35 | INFO     | CronosScraper | Navegando al módulo de reportes...
2026-07-17 10:59:06 | INFO     | CronosScraper | Cerrando navegador y liberando recursos...
2026-07-17 10:59:06 | INFO     | CronosScraper | Recursos liberados correctamente.
2026-07-17 11:07:01 | INFO     | CronosScraper | Iniciando Playwright y lanzando navegador (chromium)...
2026-07-17 11:07:02 | INFO     | CronosScraper | Navegador iniciado correctamente.
2026-07-17 11:19:19 | INFO     | CronosScraper | Iniciando Playwright y lanzando navegador (chromium)...
2026-07-17 11:19:20 | INFO     | CronosScraper | Navegador iniciado correctamente.
2026-07-17 11:19:20 | INFO     | CronosScraper | Pausando para login manual (Cronos requiere captcha)...
2026-07-17 11:19:20 | INFO     | CronosScraper | Navegando a: https://www.cronos.com.co/Account
2026-07-17 11:22:52 | INFO     | ============================================================
2026-07-17 11:22:52 | INFO     | INICIANDO PROCESO DE SCRAPING DE FACTURAS
2026-07-17 11:22:52 | INFO     | ============================================================
2026-07-17 11:22:52 | INFO     | Inicializando scraper...
2026-07-17 11:22:52 | INFO     | Iniciando Playwright y lanzando navegador (chromium)...
2026-07-17 11:22:53 | INFO     | Navegador iniciado correctamente.
2026-07-17 11:22:53 | INFO     | Iniciando login manual...
2026-07-17 11:22:53 | INFO     | Por favor inicia sesion en Cronos en la ventana del navegador.
2026-07-17 11:22:53 | INFO     | Luego haz clic en el boton 'Continuar despues del Login'.
2026-07-17 11:22:53 | INFO     | Pausando para login manual (Cronos requiere captcha)...
2026-07-17 11:22:54 | INFO     | Navegando a: https://www.cronos.com.co/Account
2026-07-17 11:24:32 | INFO     | Login manual completado, continuando con el flujo.
2026-07-17 11:24:38 | INFO     | Login confirmado por el usuario, continuando...
2026-07-17 11:24:38 | INFO     | Login confirmado, continuando...
2026-07-17 11:24:39 | INFO     | Procesando extracto bancario...
2026-07-17 11:30:11 | INFO     | ============================================================
2026-07-17 11:30:11 | INFO     | INICIANDO PROCESO DE SCRAPING DE FACTURAS
2026-07-17 11:30:11 | INFO     | ============================================================
2026-07-17 11:30:11 | INFO     | Inicializando scraper...
2026-07-17 11:30:11 | INFO     | Iniciando Playwright y lanzando navegador (chromium)...
2026-07-17 11:30:12 | INFO     | Navegador iniciado correctamente.
2026-07-17 11:30:12 | INFO     | Iniciando login manual...
2026-07-17 11:30:12 | INFO     | Por favor inicia sesion en Cronos en la ventana del navegador.
2026-07-17 11:30:12 | INFO     | Luego haz clic en el boton 'Continuar despues del Login'.
2026-07-17 11:30:13 | INFO     | Pausando para login manual (Cronos requiere captcha)...
2026-07-17 11:30:13 | INFO     | Navegando a: https://www.cronos.com.co/Account
2026-07-17 11:30:15 | INFO     | Login manual completado, continuando con el flujo.
2026-07-17 11:31:34 | INFO     | Login confirmado por el usuario, continuando...
2026-07-17 11:31:34 | INFO     | Login confirmado, continuando...
2026-07-17 11:31:35 | INFO     | Procesando extracto bancario...
2026-07-17 11:34:03 | INFO     | ============================================================
2026-07-17 11:34:03 | INFO     | INICIANDO PROCESO DE SCRAPING DE FACTURAS
2026-07-17 11:34:03 | INFO     | ============================================================
2026-07-17 11:34:03 | INFO     | Inicializando scraper...
2026-07-17 11:34:03 | INFO     | Iniciando Playwright y lanzando navegador (chromium)...
2026-07-17 11:34:04 | INFO     | Navegador iniciado correctamente.
2026-07-17 11:34:04 | INFO     | Iniciando login manual...
2026-07-17 11:34:05 | INFO     | Por favor inicia sesion en Cronos en la ventana del navegador.
2026-07-17 11:34:05 | INFO     | Luego haz clic en el boton 'Continuar despues del Login'.
2026-07-17 11:34:05 | INFO     | Pausando para login manual (Cronos requiere captcha)...
2026-07-17 11:34:05 | INFO     | Navegando a: https://www.cronos.com.co/Account
2026-07-17 11:34:06 | INFO     | Login manual completado, continuando con el flujo.
2026-07-17 11:35:20 | INFO     | Login confirmado por el usuario, continuando...
2026-07-17 11:35:20 | INFO     | Login confirmado, continuando...
2026-07-17 11:35:20 | INFO     | Procesando extracto bancario...
2026-07-17 11:40:10 | INFO     | ============================================================
2026-07-17 11:40:10 | INFO     | INICIANDO PROCESO DE SCRAPING DE FACTURAS
2026-07-17 11:40:10 | INFO     | ============================================================
2026-07-17 11:40:10 | INFO     | Iniciando Playwright y lanzando navegador (chromium)...
2026-07-17 11:40:11 | INFO     | Navegador iniciado correctamente.
2026-07-17 11:40:11 | INFO     | Pausando para login manual (Cronos requiere captcha)...
2026-07-17 11:40:11 | INFO     | Navegando a: https://www.cronos.com.co/Account
2026-07-17 11:40:12 | INFO     | Login manual completado, continuando con el flujo.
2026-07-17 11:40:12 | INFO     | Esperando confirmacion de login manual...
2026-07-17 11:42:10 | INFO     | Login confirmado por el usuario, continuando...
2026-07-17 11:42:10 | INFO     | Login confirmado, continuando con el proceso...
2026-07-17 11:52:36 | INFO     | ============================================================
2026-07-17 11:52:36 | INFO     | STARTING INVOICE SCRAPING PROCESS
2026-07-17 11:52:36 | INFO     | ============================================================
2026-07-17 11:52:36 | INFO     | Iniciando Playwright y lanzando navegador (chromium)...
2026-07-17 11:52:37 | INFO     | Navegador iniciado correctamente.
2026-07-17 11:52:37 | INFO     | Starting manual login...
2026-07-17 11:52:37 | INFO     | Please log in to Cronos in the browser window.
2026-07-17 11:52:37 | INFO     | Pausando para login manual (Cronos requiere captcha)...
2026-07-17 11:52:37 | INFO     | Navegando a: https://www.cronos.com.co/Account
2026-07-17 11:52:39 | INFO     | Navegador abierto. Esperando login manual...
2026-07-17 11:52:39 | INFO     | Por favor inicia sesion y luego presiona 'Continuar' en la interfaz.
2026-07-17 11:53:43 | INFO     | Login confirmed by user, continuing...
2026-07-17 11:53:43 | INFO     | Login confirmado, continuando con el flujo.
2026-07-17 11:53:43 | INFO     | Login confirmed, continuing...
2026-07-17 11:53:43 | INFO     | Processing bank statement...
2026-07-17 13:35:44 | INFO     | ============================================================
2026-07-17 13:35:44 | INFO     | STARTING INVOICE SCRAPING PROCESS
2026-07-17 13:35:44 | INFO     | ============================================================
2026-07-17 13:35:44 | INFO     | Iniciando Playwright y lanzando navegador (chromium)...
2026-07-17 13:35:45 | INFO     | Navegador iniciado correctamente.
2026-07-17 13:35:45 | INFO     | Starting manual login...
2026-07-17 13:35:45 | INFO     | Please log in to Cronos in the browser window.
2026-07-17 13:35:45 | INFO     | Pausando para login manual (Cronos requiere captcha)...
2026-07-17 13:35:45 | INFO     | Navegando a: https://www.cronos.com.co/Account
2026-07-17 13:36:29 | INFO     | ============================================================
2026-07-17 13:36:29 | INFO     | STARTING INVOICE SCRAPING PROCESS
2026-07-17 13:36:29 | INFO     | ============================================================
2026-07-17 13:36:29 | INFO     | Iniciando Playwright y lanzando navegador (chromium)...
2026-07-17 13:36:30 | INFO     | Navegador iniciado correctamente.
2026-07-17 13:36:30 | INFO     | Starting manual login...
2026-07-17 13:36:30 | INFO     | Please log in to Cronos in the browser window.
2026-07-17 13:36:30 | INFO     | Pausando para login manual (Cronos requiere captcha)...
2026-07-17 13:36:30 | INFO     | Navegando a: https://www.cronos.com.co/Account
2026-07-17 13:36:32 | INFO     | Login manual completado, continuando con el flujo.
2026-07-17 13:36:32 | INFO     | Login confirmed, continuing...
2026-07-17 13:36:32 | INFO     | Processing bank statement...
2026-07-17 13:37:07 | INFO     | ============================================================
2026-07-17 13:37:07 | INFO     | STARTING INVOICE SCRAPING PROCESS
2026-07-17 13:37:07 | INFO     | ============================================================
2026-07-17 13:37:07 | INFO     | Iniciando Playwright y lanzando navegador (chromium)...
2026-07-17 13:37:08 | INFO     | Navegador iniciado correctamente.
2026-07-17 13:37:08 | INFO     | Starting manual login...
2026-07-17 13:37:08 | INFO     | Please log in to Cronos in the browser window.
2026-07-17 13:37:08 | INFO     | Pausando para login manual (Cronos requiere captcha)...
2026-07-17 13:37:08 | INFO     | Navegando a: https://www.cronos.com.co/Account
2026-07-17 13:37:10 | INFO     | Login manual completado, continuando con el flujo.
2026-07-17 13:37:10 | INFO     | Login confirmed, continuing...
2026-07-17 13:37:10 | INFO     | Processing bank statement...
2026-07-17 13:37:27 | INFO     | ============================================================
2026-07-17 13:37:27 | INFO     | STARTING INVOICE SCRAPING PROCESS
2026-07-17 13:37:27 | INFO     | ============================================================
2026-07-17 13:37:27 | INFO     | Iniciando Playwright y lanzando navegador (chromium)...
2026-07-17 13:37:28 | INFO     | Navegador iniciado correctamente.
2026-07-17 13:37:28 | INFO     | Starting manual login...
2026-07-17 13:37:28 | INFO     | Please log in to Cronos in the browser window.
2026-07-17 13:37:28 | INFO     | Pausando para login manual (Cronos requiere captcha)...
2026-07-17 13:37:28 | INFO     | Navegando a: https://www.cronos.com.co/Account
2026-07-17 13:37:32 | INFO     | Login manual completado, continuando con el flujo.
2026-07-17 13:37:32 | INFO     | Login confirmed, continuing...
2026-07-17 13:37:32 | INFO     | Processing bank statement...
2026-07-17 13:41:30 | INFO     | ============================================================
2026-07-17 13:41:30 | INFO     | STARTING INVOICE SCRAPING PROCESS
2026-07-17 13:41:30 | INFO     | ============================================================
2026-07-17 13:41:30 | INFO     | Iniciando Playwright y lanzando navegador (chromium)...
2026-07-17 13:41:31 | INFO     | Navegador iniciado correctamente.
2026-07-17 13:41:31 | INFO     | Starting manual login...
2026-07-17 13:41:31 | INFO     | Please log in to Cronos in the browser window.
2026-07-17 13:41:31 | INFO     | Pausando para login manual (Cronos requiere captcha)...
2026-07-17 13:41:31 | INFO     | Navegando a: https://www.cronos.com.co/Account
2026-07-17 13:41:32 | INFO     | Login manual completado, continuando con el flujo.
2026-07-17 13:41:32 | INFO     | Login confirmed, continuing...
2026-07-17 13:41:32 | INFO     | Processing bank statement...
